c:\users\lolga\desktop\coding\inignoto-cpp\project\inignoto\inignoto\debug\vc142.pdb
c:\users\lolga\desktop\coding\inignoto-cpp\project\inignoto\inignoto\debug\vc142.idb
c:\users\lolga\desktop\coding\inignoto-cpp\project\inignoto\inignoto\debug\utils.obj
c:\users\lolga\desktop\coding\inignoto-cpp\project\inignoto\inignoto\debug\mouse.obj
c:\users\lolga\desktop\coding\inignoto-cpp\project\inignoto\inignoto\debug\inignoto.obj
c:\users\lolga\desktop\coding\inignoto-cpp\project\inignoto\inignoto\debug\events.obj
c:\users\lolga\desktop\coding\inignoto-cpp\project\inignoto\inignoto\debug\constants.obj
c:\users\lolga\desktop\coding\inignoto-cpp\project\inignoto\inignoto\debug\textures.obj
c:\users\lolga\desktop\coding\inignoto-cpp\project\inignoto\debug\inignoto.pdb
c:\users\lolga\desktop\coding\inignoto-cpp\project\inignoto\inignoto\debug\inignoto.tlog\cl.command.1.tlog
c:\users\lolga\desktop\coding\inignoto-cpp\project\inignoto\inignoto\debug\inignoto.tlog\cl.read.1.tlog
c:\users\lolga\desktop\coding\inignoto-cpp\project\inignoto\inignoto\debug\inignoto.tlog\cl.write.1.tlog
c:\users\lolga\desktop\coding\inignoto-cpp\project\inignoto\inignoto\debug\inignoto.tlog\link-cvtres.read.1.tlog
c:\users\lolga\desktop\coding\inignoto-cpp\project\inignoto\inignoto\debug\inignoto.tlog\link-cvtres.write.1.tlog
c:\users\lolga\desktop\coding\inignoto-cpp\project\inignoto\inignoto\debug\inignoto.tlog\link-rc.read.1.tlog
c:\users\lolga\desktop\coding\inignoto-cpp\project\inignoto\inignoto\debug\inignoto.tlog\link-rc.write.1.tlog
c:\users\lolga\desktop\coding\inignoto-cpp\project\inignoto\inignoto\debug\inignoto.tlog\link.22768-cvtres.read.1.tlog
c:\users\lolga\desktop\coding\inignoto-cpp\project\inignoto\inignoto\debug\inignoto.tlog\link.22768-cvtres.write.1.tlog
c:\users\lolga\desktop\coding\inignoto-cpp\project\inignoto\inignoto\debug\inignoto.tlog\link.22768-rc.read.1.tlog
c:\users\lolga\desktop\coding\inignoto-cpp\project\inignoto\inignoto\debug\inignoto.tlog\link.22768-rc.write.1.tlog
c:\users\lolga\desktop\coding\inignoto-cpp\project\inignoto\inignoto\debug\inignoto.tlog\link.22768.read.1.tlog
c:\users\lolga\desktop\coding\inignoto-cpp\project\inignoto\inignoto\debug\inignoto.tlog\link.22768.write.1.tlog
c:\users\lolga\desktop\coding\inignoto-cpp\project\inignoto\inignoto\debug\inignoto.tlog\link.command.1.tlog
c:\users\lolga\desktop\coding\inignoto-cpp\project\inignoto\inignoto\debug\inignoto.tlog\link.read.1.tlog
c:\users\lolga\desktop\coding\inignoto-cpp\project\inignoto\inignoto\debug\inignoto.tlog\link.write.1.tlog
